<?xml version="1.0" encoding="UTF-8"?>
<!-- Generated by org.testng.reporters.JUnitXMLReporter -->
<testsuite hostname="HarshitMansukhJethvas-MacBook-Air.local" ignored="0" name="ValidateTitle" tests="1" failures="1" timestamp="27 Jun 2021 10:47:38 GMT" time="37.126" errors="0">
  <testcase name="basepagenavigation" time="0.098" classname="Academy_practice.E2Eproject_practice.ValidateTitle">
    <failure type="java.lang.AssertionError" message="expected [FEATURED 123COURSES] but found [FEATURED COURSES]">
      <![CDATA[java.lang.AssertionError: expected [FEATURED 123COURSES] but found [FEATURED COURSES]
at Academy_practice.E2Eproject_practice.ValidateTitle.basepagenavigation(ValidateTitle.java:33)
at java.util.concurrent.FutureTask.run(FutureTask.java:266)
at java.util.concurrent.ThreadPoolExecutor.runWorker(ThreadPoolExecutor.java:1149)
at java.util.concurrent.ThreadPoolExecutor$Worker.run(ThreadPoolExecutor.java:624)
at java.lang.Thread.run(Thread.java:748)
... Removed 22 stack frames]]>
    </failure>
  </testcase> <!-- basepagenavigation -->
</testsuite> <!-- ValidateTitle -->
