<?xml version="1.0" encoding="UTF-8"?>
<testng-results skipped="0" failed="1" ignored="0" total="3" passed="2">
  <reporter-output>
  </reporter-output>
  <suite name="Suite" duration-ms="301065" started-at="2021-06-27T10:46:56Z" finished-at="2021-06-27T10:51:57Z">
    <groups>
    </groups>
    <test name="ValidateTitle" duration-ms="37126" started-at="2021-06-27T10:46:56Z" finished-at="2021-06-27T10:47:33Z">
      <class name="Academy_practice.E2Eproject_practice.ValidateTitle">
        <test-method status="PASS" signature="initializeDriver()[pri:0, instance:Academy_practice.E2Eproject_practice.ValidateTitle@48793bef]" name="initializeDriver" is-config="true" duration-ms="36075" started-at="2021-06-27T10:46:56Z" finished-at="2021-06-27T10:47:32Z">
          <reporter-output>
          </reporter-output>
        </test-method> <!-- initializeDriver -->
        <test-method status="FAIL" signature="basepagenavigation()[pri:0, instance:Academy_practice.E2Eproject_practice.ValidateTitle@48793bef]" name="basepagenavigation" duration-ms="98" started-at="2021-06-27T10:47:32Z" finished-at="2021-06-27T10:47:32Z">
          <exception class="java.lang.AssertionError">
            <message>
              <![CDATA[expected [FEATURED 123COURSES] but found [FEATURED COURSES]]]>
            </message>
            <full-stacktrace>
              <![CDATA[java.lang.AssertionError: expected [FEATURED 123COURSES] but found [FEATURED COURSES]
at org.testng.Assert.fail(Assert.java:96)
at org.testng.Assert.failNotEquals(Assert.java:776)
at org.testng.Assert.assertEqualsImpl(Assert.java:137)
at org.testng.Assert.assertEquals(Assert.java:118)
at org.testng.Assert.assertEquals(Assert.java:453)
at org.testng.Assert.assertEquals(Assert.java:463)
at Academy_practice.E2Eproject_practice.ValidateTitle.basepagenavigation(ValidateTitle.java:33)
at sun.reflect.NativeMethodAccessorImpl.invoke0(Native Method)
at sun.reflect.NativeMethodAccessorImpl.invoke(NativeMethodAccessorImpl.java:62)
at sun.reflect.DelegatingMethodAccessorImpl.invoke(DelegatingMethodAccessorImpl.java:43)
at java.lang.reflect.Method.invoke(Method.java:498)
at org.testng.internal.MethodInvocationHelper.invokeMethod(MethodInvocationHelper.java:124)
at org.testng.internal.Invoker.invokeMethod(Invoker.java:583)
at org.testng.internal.Invoker.invokeTestMethod(Invoker.java:719)
at org.testng.internal.Invoker.invokeTestMethods(Invoker.java:989)
at org.testng.internal.TestMethodWorker.invokeTestMethods(TestMethodWorker.java:125)
at org.testng.internal.TestMethodWorker.run(TestMethodWorker.java:109)
at org.testng.TestRunner.privateRun(TestRunner.java:648)
at org.testng.TestRunner.run(TestRunner.java:505)
at org.testng.SuiteRunner.runTest(SuiteRunner.java:455)
at org.testng.SuiteRunner.access$000(SuiteRunner.java:40)
at org.testng.SuiteRunner$SuiteWorker.run(SuiteRunner.java:489)
at org.testng.internal.thread.ThreadUtil$1.call(ThreadUtil.java:52)
at java.util.concurrent.FutureTask.run(FutureTask.java:266)
at java.util.concurrent.ThreadPoolExecutor.runWorker(ThreadPoolExecutor.java:1149)
at java.util.concurrent.ThreadPoolExecutor$Worker.run(ThreadPoolExecutor.java:624)
at java.lang.Thread.run(Thread.java:748)
]]>
            </full-stacktrace>
          </exception> <!-- java.lang.AssertionError -->
          <reporter-output>
          </reporter-output>
        </test-method> <!-- basepagenavigation -->
        <test-method status="PASS" signature="teardown()[pri:0, instance:Academy_practice.E2Eproject_practice.ValidateTitle@48793bef]" name="teardown" is-config="true" duration-ms="244" started-at="2021-06-27T10:47:33Z" finished-at="2021-06-27T10:47:33Z">
          <reporter-output>
          </reporter-output>
        </test-method> <!-- teardown -->
      </class> <!-- Academy_practice.E2Eproject_practice.ValidateTitle -->
    </test> <!-- ValidateTitle -->
    <test name="ValidateNavigationBar" duration-ms="117088" started-at="2021-06-27T10:46:56Z" finished-at="2021-06-27T10:48:53Z">
      <class name="Academy_practice.E2Eproject_practice.ValidateNavBar">
        <test-method status="PASS" signature="initializeDriver()[pri:0, instance:Academy_practice.E2Eproject_practice.ValidateNavBar@7fcf2fc1]" name="initializeDriver" is-config="true" duration-ms="116493" started-at="2021-06-27T10:46:56Z" finished-at="2021-06-27T10:48:52Z">
          <reporter-output>
          </reporter-output>
        </test-method> <!-- initializeDriver -->
        <test-method status="PASS" signature="basepagenavigation()[pri:0, instance:Academy_practice.E2Eproject_practice.ValidateNavBar@7fcf2fc1]" name="basepagenavigation" duration-ms="334" started-at="2021-06-27T10:48:53Z" finished-at="2021-06-27T10:48:53Z">
          <reporter-output>
          </reporter-output>
        </test-method> <!-- basepagenavigation -->
        <test-method status="PASS" signature="teardown()[pri:0, instance:Academy_practice.E2Eproject_practice.ValidateNavBar@7fcf2fc1]" name="teardown" is-config="true" duration-ms="248" started-at="2021-06-27T10:48:53Z" finished-at="2021-06-27T10:48:53Z">
          <reporter-output>
          </reporter-output>
        </test-method> <!-- teardown -->
      </class> <!-- Academy_practice.E2Eproject_practice.ValidateNavBar -->
    </test> <!-- ValidateNavigationBar -->
    <test name="HomePage" duration-ms="301065" started-at="2021-06-27T10:46:56Z" finished-at="2021-06-27T10:51:57Z">
      <class name="Academy_practice.E2Eproject_practice.HomePage">
        <test-method status="PASS" signature="initializeDriver()[pri:0, instance:Academy_practice.E2Eproject_practice.HomePage@11f0a5a1]" name="initializeDriver" is-config="true" duration-ms="275137" started-at="2021-06-27T10:46:56Z" finished-at="2021-06-27T10:51:31Z">
          <reporter-output>
          </reporter-output>
        </test-method> <!-- initializeDriver -->
        <test-method status="PASS" signature="basepagenavigation(java.lang.String, java.lang.String)[pri:0, instance:Academy_practice.E2Eproject_practice.HomePage@11f0a5a1]" name="basepagenavigation" duration-ms="25709" started-at="2021-06-27T10:51:31Z" data-provider="getData" finished-at="2021-06-27T10:51:57Z">
          <params>
            <param index="0">
              <value>
                <![CDATA[abc@gmail.com]]>
              </value>
            </param>
            <param index="1">
              <value>
                <![CDATA[abc@123]]>
              </value>
            </param>
          </params>
          <reporter-output>
          </reporter-output>
        </test-method> <!-- basepagenavigation -->
        <test-method status="PASS" signature="teardown()[pri:0, instance:Academy_practice.E2Eproject_practice.HomePage@11f0a5a1]" name="teardown" is-config="true" duration-ms="203" started-at="2021-06-27T10:51:57Z" finished-at="2021-06-27T10:51:57Z">
          <reporter-output>
          </reporter-output>
        </test-method> <!-- teardown -->
      </class> <!-- Academy_practice.E2Eproject_practice.HomePage -->
    </test> <!-- HomePage -->
  </suite> <!-- Suite -->
</testng-results>
